<?xml version="1.0" encoding="UTF-8"?>
<coverage generated="1605021672138" clover="3.2.0">
  <project timestamp="1605021672138" name="All files">
    <metrics statements="6" coveredstatements="3" conditionals="0" coveredconditionals="0" methods="4" coveredmethods="1" elements="10" coveredelements="4" complexity="0" loc="6" ncloc="6" packages="1" files="1" classes="1"/>
    <file name="index.vue" path="E:\vs-ui\packages\infinite-picker\src\index.vue">
      <metrics statements="6" coveredstatements="3" conditionals="0" coveredconditionals="0" methods="4" coveredmethods="1"/>
      <line num="15" count="1" type="stmt"/>
      <line num="16" count="1" type="stmt"/>
      <line num="34" count="1" type="stmt"/>
      <line num="40" count="0" type="stmt"/>
      <line num="43" count="0" type="stmt"/>
      <line num="46" count="0" type="stmt"/>
    </file>
  </project>
</coverage>
